<?xml version="1.0" encoding="UTF-8"?>
<!-- Generated by org.testng.reporters.JUnitReportReporter -->
<testsuite hostname="KIRAN0727" failures="0" tests="1" name="testCases.TC2_LoginTest" time="2.109" errors="0" timestamp="2025-03-01T19:26:50 IST" skipped="0">
  <testcase classname="testCases.TC2_LoginTest" name="verify_login" time="2.109"/>
  <system-out/>
</testsuite> <!-- testCases.TC2_LoginTest -->
