<?xml version="1.0" encoding="UTF-8"?>
<!-- Generated by org.testng.reporters.JUnitReportReporter -->
<testsuite hostname="KIRAN0727" failures="0" tests="1" name="utilities.DataProviders" time="2.268" errors="0" timestamp="2025-03-02T18:16:34 IST" skipped="0">
  <testcase classname="utilities.DataProviders" name="getData" time="2.268"/>
  <system-out/>
</testsuite> <!-- utilities.DataProviders -->
