<?xml version="1.0" encoding="UTF-8"?>
<!-- Generated by org.testng.reporters.JUnitReportReporter -->
<testsuite hostname="KIRAN0727" failures="0" tests="3" name="testCases.TC_LoginDDT" time="45.383" errors="0" timestamp="2025-03-14T06:51:46 IST" skipped="0">
  <testcase classname="testCases.TC_LoginDDT" name="TC_LoginDDT" time="2.573"/>
  <system-out/>
  <testcase classname="testCases.TC_LoginDDT" name="TC_LoginDDT" time="21.573"/>
  <system-out/>
  <testcase classname="testCases.TC_LoginDDT" name="TC_LoginDDT" time="21.237"/>
  <system-out/>
</testsuite> <!-- testCases.TC_LoginDDT -->
