<?xml version="1.0" encoding="UTF-8"?>
<!-- Generated by org.testng.reporters.JUnitReportReporter -->
<testsuite hostname="KIRAN0727" failures="0" tests="2" name="testCases.TC_AccountRegistration" time="5.513" errors="0" timestamp="2025-03-01T17:32:24 IST" skipped="0">
  <testcase classname="testCases.TC_AccountRegistration" name="verify_registration" time="3.285"/>
  <system-out/>
  <testcase classname="testCases.TC_AccountRegistration" name="verify_registration" time="2.228"/>
  <system-out/>
</testsuite> <!-- testCases.TC_AccountRegistration -->
